<?xml version="1.0" encoding="UTF-8" ?>
<testsuites name="vitest tests" tests="3" failures="0" errors="0" time="1.199">
    <testsuite name="src/components/HelloWorld.test.ts" timestamp="2025-09-08T15:37:11.061Z" hostname="Layne_ROG" tests="3" failures="0" errors="0" skipped="0" time="0.014">
        <testcase classname="src/components/HelloWorld.test.ts" name="HelloWorld &gt; renders properly" time="0.012">
        </testcase>
        <testcase classname="src/components/HelloWorld.test.ts" name="HelloWorld &gt; should be a Vue component" time="0.001">
        </testcase>
        <testcase classname="src/components/HelloWorld.test.ts" name="HelloWorld &gt; should have msg prop" time="0">
        </testcase>
    </testsuite>
</testsuites>
